#
# There is insufficient memory for the Java Runtime Environment to continue.
# Native memory allocation (malloc) failed to allocate 1836928 bytes for Chunk::new
# Possible reasons:
#   The system is out of physical RAM or swap space
#   In 32 bit mode, the process size limit was hit
# Possible solutions:
#   Reduce memory load on the system
#   Increase physical memory or swap space
#   Check if swap backing store is full
#   Use 64 bit Java on a 64 bit OS
#   Decrease Java heap size (-Xmx/-Xms)
#   Decrease number of Java threads
#   Decrease Java thread stack sizes (-Xss)
#   Set larger code cache with -XX:ReservedCodeCacheSize=
# This output file may be truncated or incomplete.
#
#  Out of Memory Error (allocation.cpp:390), pid=3428, tid=0x00000000000005c4
#
# JRE version: OpenJDK Runtime Environment (8.0_152-b01) (build 1.8.0_152-release-915-b01)
# Java VM: OpenJDK 64-Bit Server VM (25.152-b01 mixed mode windows-amd64 compressed oops)
# Failed to write core dump. Minidumps are not enabled by default on client versions of Windows
#

---------------  T H R E A D  ---------------

Current thread (0x0000000016391000):  JavaThread "C2 CompilerThread1" daemon [_thread_in_native, id=1476, stack(0x0000000017ac0000,0x0000000017bc0000)]

Stack: [0x0000000017ac0000,0x0000000017bc0000]
[error occurred during error reporting (printing stack bounds), id 0xc0000005]

Native frames: (J=compiled Java code, j=interpreted, Vv=VM code, C=native code)


Current CompileTask:
C2:6946363 24694       4       org.gradle.api.internal.artifacts.ivyservice.resolveengine.artifact.ResolvedArtifactsGraphVisitor::getArtifacts (189 bytes)


---------------  P R O C E S S  ---------------

Java Threads: ( => current thread )
  0x000000001cc72800 JavaThread "queued-resource-processor_103" daemon [_thread_blocked, id=4796, stack(0x0000000024f40000,0x0000000025040000)]
  0x000000001cc72000 JavaThread "queued-resource-processor_102" daemon [_thread_blocked, id=792, stack(0x0000000023d80000,0x0000000023e80000)]
  0x000000001cc76800 JavaThread "queued-resource-processor_101" daemon [_thread_blocked, id=2132, stack(0x0000000023a50000,0x0000000023b50000)]
  0x000000001cc78000 JavaThread "Task worker for ':' Thread 3" [_thread_blocked, id=4960, stack(0x0000000021f30000,0x0000000022030000)]
  0x000000001cc77000 JavaThread "Task worker for ':' Thread 2" [_thread_blocked, id=4448, stack(0x0000000020bb0000,0x0000000020cb0000)]
  0x000000001cc74000 JavaThread "Task worker for ':'" [_thread_blocked, id=3264, stack(0x00000000201b0000,0x00000000202b0000)]
  0x000000001cc75800 JavaThread "Cache worker for task history cache (C:\Users\sikandar\AndroidStudioProjects\new_blood\.gradle\4.1\taskHistory)" [_thread_blocked, id=2740, stack(0x00000000200b0000,0x00000000201b0000)]
  0x000000001cc73800 JavaThread "Cache worker for file content cache (C:\Users\sikandar\AndroidStudioProjects\new_blood\.gradle\4.1\fileContent)" [_thread_blocked, id=3312, stack(0x000000001ffb0000,0x00000000200b0000)]
  0x000000001cc78800 JavaThread "build operations Thread 4" [_thread_blocked, id=3520, stack(0x000000001feb0000,0x000000001ffb0000)]
  0x000000001cc75000 JavaThread "build operations Thread 3" [_thread_blocked, id=5312, stack(0x000000001f9b0000,0x000000001fab0000)]
  0x000000001cc6a800 JavaThread "build operations Thread 2" [_thread_blocked, id=4508, stack(0x000000001be80000,0x000000001bf80000)]
  0x000000001cc71000 JavaThread "build operations" [_thread_blocked, id=3776, stack(0x000000001b980000,0x000000001ba80000)]
  0x000000001cc69800 JavaThread "Cache worker for Artifact transforms cache (C:\Users\sikandar\.gradle\caches\transforms-1)" [_thread_blocked, id=1932, stack(0x000000001b880000,0x000000001b980000)]
  0x000000001cc70800 JavaThread "Cache worker for file hash cache (C:\Users\sikandar\AndroidStudioProjects\new_blood\.gradle\4.1\fileHashes)" [_thread_blocked, id=3340, stack(0x000000001b780000,0x000000001b880000)]
  0x000000001cc6f800 JavaThread "Stdin handler" [_thread_blocked, id=3756, stack(0x000000001b680000,0x000000001b780000)]
  0x000000001cc6f000 JavaThread "Asynchronous log dispatcher for DefaultDaemonConnection: socket connection from /127.0.0.1:51461 to /127.0.0.1:52063" [_thread_blocked, id=7072, stack(0x000000001b380000,0x000000001b480000)]
  0x000000001cc6e000 JavaThread "Daemon worker Thread 8" [_thread_blocked, id=5808, stack(0x000000001b280000,0x000000001b380000)]
  0x000000001cc6d800 JavaThread "Cancel handler" [_thread_blocked, id=5376, stack(0x0000000000ef0000,0x0000000000ff0000)]
  0x000000001cc6c800 JavaThread "Handler for socket connection from /127.0.0.1:51461 to /127.0.0.1:52063" [_thread_in_native, id=5164, stack(0x0000000000df0000,0x0000000000ef0000)]
  0x000000001cc6b000 JavaThread "Daemon Thread 8" [_thread_blocked, id=644, stack(0x0000000000cf0000,0x0000000000df0000)]
  0x000000001a4f8000 JavaThread "Memory manager" [_thread_blocked, id=3232, stack(0x0000000020d90000,0x0000000020e90000)]
  0x0000000019225800 JavaThread "File lock request listener" [_thread_in_native, id=404, stack(0x000000001bb80000,0x000000001bc80000)]
  0x0000000019224800 JavaThread "Cache worker for file hash cache (C:\Users\sikandar\.gradle\caches\4.1\fileHashes)" [_thread_blocked, id=4800, stack(0x000000001ba80000,0x000000001bb80000)]
  0x00000000194e5800 JavaThread "Daemon periodic checks" [_thread_blocked, id=5440, stack(0x000000001b180000,0x000000001b280000)]
  0x0000000018ecf000 JavaThread "Incoming local TCP Connector on port 51461" [_thread_in_native, id=3980, stack(0x000000001afa0000,0x000000001b0a0000)]
  0x0000000017ce0800 JavaThread "Service Thread" daemon [_thread_blocked, id=216, stack(0x00000000180c0000,0x00000000181c0000)]
  0x0000000016398000 JavaThread "C1 CompilerThread2" daemon [_thread_blocked, id=112, stack(0x0000000017bc0000,0x0000000017cc0000)]
=>0x0000000016391000 JavaThread "C2 CompilerThread1" daemon [_thread_in_native, id=1476, stack(0x0000000017ac0000,0x0000000017bc0000)]
  0x000000001638c000 JavaThread "C2 CompilerThread0" daemon [_thread_blocked, id=460, stack(0x00000000179c0000,0x0000000017ac0000)]
  0x000000001638a000 JavaThread "Attach Listener" daemon [_thread_blocked, id=6752, stack(0x00000000178c0000,0x00000000179c0000)]
  0x0000000016389000 JavaThread "Signal Dispatcher" daemon [_thread_blocked, id=3996, stack(0x00000000177c0000,0x00000000178c0000)]
  0x0000000016377000 JavaThread "Finalizer" daemon [_thread_blocked, id=4644, stack(0x00000000175e0000,0x00000000176e0000)]
  0x0000000002981000 JavaThread "Reference Handler" daemon [_thread_blocked, id=2832, stack(0x00000000174e0000,0x00000000175e0000)]
  0x0000000002890800 JavaThread "main" [_thread_blocked, id=6500, stack(0x0000000002760000,0x0000000002860000)]

Other Threads:
  0x0000000016355800 VMThread [stack: 0x00000000173e0000,0x00000000174e0000] [id=6248]
  0x00000000163ed800 WatcherThread [stack: 0x00000000181c0000,0x00000000182c0000] [id=2480]

VM state:not at safepoint (normal execution)

VM Mutex/Monitor currently owned by a thread: None

Heap:
 PSYoungGen      total 418304K, used 229967K [0x00000000e0000000, 0x00000000fd780000, 0x0000000100000000)
  eden space 401408K, 53% used [0x00000000e0000000,0x00000000ed051078,0x00000000f8800000)
  from space 16896K, 98% used [0x00000000fa580000,0x00000000fb5c2c78,0x00000000fb600000)
  to   space 30720K, 0% used [0x00000000fb980000,0x00000000fb980000,0x00000000fd780000)
 ParOldGen       total 144384K, used 98230K [0x00000000a0000000, 0x00000000a8d00000, 0x00000000e0000000)
  object space 144384K, 68% used [0x00000000a0000000,0x00000000a5fed828,0x00000000a8d00000)
 Metaspace       used 89910K, capacity 97104K, committed 97152K, reserved 1132544K
  class space    used 11478K, capacity 13139K, committed 13184K, reserved 1048576K

Card table byte_map: [0x0000000011de0000,0x00000000120f0000] byte_map_base: 0x00000000118e0000

Marking Bits: (ParMarkBitMap*) 0x000000006efb3950
 Begin Bits: [0x00000000126f0000, 0x0000000013ef0000)
 End Bits:   [0x0000000013ef0000, 0x00000000156f0000)

Polling page: 0x0000000000bb0000

CodeCache: size=245760Kb used=67980Kb max_used=68266Kb free=177779Kb
 bounds [0x0000000002a20000, 0x0000000006d70000, 0x0000000011a20000]
 total_blobs=19302 nmethods=18422 adapters=790
 compilation: enabled

Compilation events (10 events):
Event: 6943.554 Thread 0x0000000016398000 24732       2       com.google.common.collect.LinkedListMultimap$1KeySetImpl::iterator (13 bytes)
Event: 6943.554 Thread 0x0000000016398000 nmethod 24732 0x0000000005378890 code [0x0000000005378a00, 0x0000000005378bc8]
Event: 6943.557 Thread 0x0000000016398000 24734       2       com.google.common.collect.LinkedListMultimap$DistinctKeyIterator::<init> (51 bytes)
Event: 6943.558 Thread 0x0000000016398000 nmethod 24734 0x00000000053a65d0 code [0x00000000053a6780, 0x00000000053a6b08]
Event: 6943.560 Thread 0x0000000016398000 24733       2       com.google.common.collect.LinkedListMultimap$DistinctKeyIterator::<init> (6 bytes)
Event: 6943.561 Thread 0x0000000016398000 nmethod 24733 0x000000000561ce10 code [0x000000000561cf80, 0x000000000561d0e8]
Event: 6943.563 Thread 0x000000001638c000 nmethod 24731 0x00000000058342d0 code [0x0000000005834460, 0x0000000005834ac0]
Event: 6943.563 Thread 0x000000001638c000 24727       4       com.google.common.collect.AbstractMapBasedMultimap$KeySet$1::hasNext (10 bytes)
Event: 6943.564 Thread 0x000000001638c000 nmethod 24727 0x0000000005afc7d0 code [0x0000000005afc920, 0x0000000005afc9b8]
Event: 6943.564 Thread 0x000000001638c000 24725       4       com.google.common.collect.AbstractMultimap::putAll (80 bytes)

GC Heap History (10 events):
Event: 988.238 GC heap before
{Heap before GC invocations=27 (full 4):
 PSYoungGen      total 491008K, used 478430K [0x00000000e0000000, 0x0000000100000000, 0x0000000100000000)
  eden space 458752K, 100% used [0x00000000e0000000,0x00000000fc000000,0x00000000fc000000)
  from space 32256K, 61% used [0x00000000fe080000,0x00000000ff3b7a80,0x0000000100000000)
  to   space 32768K, 0% used [0x00000000fc000000,0x00000000fc000000,0x00000000fe000000)
 ParOldGen       total 144384K, used 98190K [0x00000000a0000000, 0x00000000a8d00000, 0x00000000e0000000)
  object space 144384K, 68% used [0x00000000a0000000,0x00000000a5fe3828,0x00000000a8d00000)
 Metaspace       used 87154K, capacity 92472K, committed 92672K, reserved 1130496K
  class space    used 11169K, capacity 12484K, committed 12544K, reserved 1048576K
Event: 988.310 GC heap after
Heap after GC invocations=27 (full 4):
 PSYoungGen      total 491520K, used 7086K [0x00000000e0000000, 0x00000000fff80000, 0x0000000100000000)
  eden space 458752K, 0% used [0x00000000e0000000,0x00000000e0000000,0x00000000fc000000)
  from space 32768K, 21% used [0x00000000fc000000,0x00000000fc6ebb78,0x00000000fe000000)
  to   space 32256K, 0% used [0x00000000fe000000,0x00000000fe000000,0x00000000fff80000)
 ParOldGen       total 144384K, used 98198K [0x00000000a0000000, 0x00000000a8d00000, 0x00000000e0000000)
  object space 144384K, 68% used [0x00000000a0000000,0x00000000a5fe5828,0x00000000a8d00000)
 Metaspace       used 87154K, capacity 92472K, committed 92672K, reserved 1130496K
  class space    used 11169K, capacity 12484K, committed 12544K, reserved 1048576K
}
Event: 1805.974 GC heap before
{Heap before GC invocations=28 (full 4):
 PSYoungGen      total 491520K, used 465838K [0x00000000e0000000, 0x00000000fff80000, 0x0000000100000000)
  eden space 458752K, 100% used [0x00000000e0000000,0x00000000fc000000,0x00000000fc000000)
  from space 32768K, 21% used [0x00000000fc000000,0x00000000fc6ebb78,0x00000000fe000000)
  to   space 32256K, 0% used [0x00000000fe000000,0x00000000fe000000,0x00000000fff80000)
 ParOldGen       total 144384K, used 98198K [0x00000000a0000000, 0x00000000a8d00000, 0x00000000e0000000)
  object space 144384K, 68% used [0x00000000a0000000,0x00000000a5fe5828,0x00000000a8d00000)
 Metaspace       used 87930K, capacity 94042K, committed 94208K, reserved 1130496K
  class space    used 11281K, capacity 12711K, committed 12800K, reserved 1048576K
Event: 1806.002 GC heap after
Heap after GC invocations=28 (full 4):
 PSYoungGen      total 488448K, used 11160K [0x00000000e0000000, 0x00000000ffc80000, 0x0000000100000000)
  eden space 459264K, 0% used [0x00000000e0000000,0x00000000e0000000,0x00000000fc080000)
  from space 29184K, 38% used [0x00000000fe000000,0x00000000feae6370,0x00000000ffc80000)
  to   space 30720K, 0% used [0x00000000fc080000,0x00000000fc080000,0x00000000fde80000)
 ParOldGen       total 144384K, used 98206K [0x00000000a0000000, 0x00000000a8d00000, 0x00000000e0000000)
  object space 144384K, 68% used [0x00000000a0000000,0x00000000a5fe7828,0x00000000a8d00000)
 Metaspace       used 87930K, capacity 94042K, committed 94208K, reserved 1130496K
  class space    used 11281K, capacity 12711K, committed 12800K, reserved 1048576K
}
Event: 3864.960 GC heap before
{Heap before GC invocations=29 (full 4):
 PSYoungGen      total 488448K, used 470424K [0x00000000e0000000, 0x00000000ffc80000, 0x0000000100000000)
  eden space 459264K, 100% used [0x00000000e0000000,0x00000000fc080000,0x00000000fc080000)
  from space 29184K, 38% used [0x00000000fe000000,0x00000000feae6370,0x00000000ffc80000)
  to   space 30720K, 0% used [0x00000000fc080000,0x00000000fc080000,0x00000000fde80000)
 ParOldGen       total 144384K, used 98206K [0x00000000a0000000, 0x00000000a8d00000, 0x00000000e0000000)
  object space 144384K, 68% used [0x00000000a0000000,0x00000000a5fe7828,0x00000000a8d00000)
 Metaspace       used 88774K, capacity 95324K, committed 95616K, reserved 1132544K
  class space    used 11350K, capacity 12889K, committed 12928K, reserved 1048576K
Event: 3865.034 GC heap after
Heap after GC invocations=29 (full 4):
 PSYoungGen      total 462336K, used 22942K [0x00000000e0000000, 0x00000000fed00000, 0x0000000100000000)
  eden space 439296K, 0% used [0x00000000e0000000,0x00000000e0000000,0x00000000fad00000)
  from space 23040K, 99% used [0x00000000fc080000,0x00000000fd6e7950,0x00000000fd700000)
  to   space 22528K, 0% used [0x00000000fd700000,0x00000000fd700000,0x00000000fed00000)
 ParOldGen       total 144384K, used 98214K [0x00000000a0000000, 0x00000000a8d00000, 0x00000000e0000000)
  object space 144384K, 68% used [0x00000000a0000000,0x00000000a5fe9828,0x00000000a8d00000)
 Metaspace       used 88774K, capacity 95324K, committed 95616K, reserved 1132544K
  class space    used 11350K, capacity 12889K, committed 12928K, reserved 1048576K
}
Event: 3928.051 GC heap before
{Heap before GC invocations=30 (full 4):
 PSYoungGen      total 462336K, used 462238K [0x00000000e0000000, 0x00000000fed00000, 0x0000000100000000)
  eden space 439296K, 100% used [0x00000000e0000000,0x00000000fad00000,0x00000000fad00000)
  from space 23040K, 99% used [0x00000000fc080000,0x00000000fd6e7950,0x00000000fd700000)
  to   space 22528K, 0% used [0x00000000fd700000,0x00000000fd700000,0x00000000fed00000)
 ParOldGen       total 144384K, used 98214K [0x00000000a0000000, 0x00000000a8d00000, 0x00000000e0000000)
  object space 144384K, 68% used [0x00000000a0000000,0x00000000a5fe9828,0x00000000a8d00000)
 Metaspace       used 89068K, capacity 95646K, committed 96000K, reserved 1132544K
  class space    used 11366K, capacity 12930K, committed 13056K, reserved 1048576K
Event: 3928.073 GC heap after
Heap after GC invocations=30 (full 4):
 PSYoungGen      total 431616K, used 11342K [0x00000000e0000000, 0x00000000fe280000, 0x0000000100000000)
  eden space 419840K, 0% used [0x00000000e0000000,0x00000000e0000000,0x00000000f9a00000)
  from space 11776K, 96% used [0x00000000fd700000,0x00000000fe213a70,0x00000000fe280000)
  to   space 31232K, 0% used [0x00000000fa580000,0x00000000fa580000,0x00000000fc400000)
 ParOldGen       total 144384K, used 98222K [0x00000000a0000000, 0x00000000a8d00000, 0x00000000e0000000)
  object space 144384K, 68% used [0x00000000a0000000,0x00000000a5feb828,0x00000000a8d00000)
 Metaspace       used 89068K, capacity 95646K, committed 96000K, reserved 1132544K
  class space    used 11366K, capacity 12930K, committed 13056K, reserved 1048576K
}
Event: 3933.704 GC heap before
{Heap before GC invocations=31 (full 4):
 PSYoungGen      total 431616K, used 430959K [0x00000000e0000000, 0x00000000fe280000, 0x0000000100000000)
  eden space 419840K, 99% used [0x00000000e0000000,0x00000000f99c81c0,0x00000000f9a00000)
  from space 11776K, 96% used [0x00000000fd700000,0x00000000fe213a70,0x00000000fe280000)
  to   space 31232K, 0% used [0x00000000fa580000,0x00000000fa580000,0x00000000fc400000)
 ParOldGen       total 144384K, used 98222K [0x00000000a0000000, 0x00000000a8d00000, 0x00000000e0000000)
  object space 144384K, 68% used [0x00000000a0000000,0x00000000a5feb828,0x00000000a8d00000)
 Metaspace       used 89355K, capacity 95980K, committed 96256K, reserved 1132544K
  class space    used 11383K, capacity 12943K, committed 13056K, reserved 1048576K
Event: 3933.732 GC heap after
Heap after GC invocations=31 (full 4):
 PSYoungGen      total 418304K, used 16651K [0x00000000e0000000, 0x00000000fd780000, 0x0000000100000000)
  eden space 401408K, 0% used [0x00000000e0000000,0x00000000e0000000,0x00000000f8800000)
  from space 16896K, 98% used [0x00000000fa580000,0x00000000fb5c2c78,0x00000000fb600000)
  to   space 30720K, 0% used [0x00000000fb980000,0x00000000fb980000,0x00000000fd780000)
 ParOldGen       total 144384K, used 98230K [0x00000000a0000000, 0x00000000a8d00000, 0x00000000e0000000)
  object space 144384K, 68% used [0x00000000a0000000,0x00000000a5fed828,0x00000000a8d00000)
 Metaspace       used 89355K, capacity 95980K, committed 96256K, reserved 1132544K
  class space    used 11383K, capacity 12943K, committed 13056K, reserved 1048576K
}

Deoptimization events (10 events):
Event: 3933.872 Thread 0x0000000019910800 Uncommon trap: reason=unstable_if action=reinterpret pc=0x000000000322aa48 method=java.lang.ref.SoftReference.get()Ljava/lang/Object; @ 6
Event: 3933.875 Thread 0x0000000019910800 Uncommon trap: reason=unstable_if action=reinterpret pc=0x0000000003bee558 method=java.lang.ref.SoftReference.get()Ljava/lang/Object; @ 6
Event: 3933.875 Thread 0x0000000019910800 Uncommon trap: reason=unstable_if action=reinterpret pc=0x0000000004044c60 method=java.lang.ref.SoftReference.get()Ljava/lang/Object; @ 6
Event: 3933.875 Thread 0x0000000019910800 Uncommon trap: reason=unstable_if action=reinterpret pc=0x000000000623bcc8 method=java.lang.ref.SoftReference.get()Ljava/lang/Object; @ 6
Event: 3933.878 Thread 0x0000000019910800 Uncommon trap: reason=array_check action=maybe_recompile pc=0x0000000006cded08 method=java.util.ComparableTimSort.reverseRange([Ljava/lang/Object;II)V @ 20
Event: 3933.886 Thread 0x0000000019910800 Uncommon trap: reason=array_check action=maybe_recompile pc=0x0000000006cded08 method=java.util.ComparableTimSort.reverseRange([Ljava/lang/Object;II)V @ 20
Event: 3933.888 Thread 0x0000000019910800 Uncommon trap: reason=array_check action=maybe_recompile pc=0x0000000006cded08 method=java.util.ComparableTimSort.reverseRange([Ljava/lang/Object;II)V @ 20
Event: 3933.888 Thread 0x0000000019910800 Uncommon trap: reason=array_check action=maybe_recompile pc=0x0000000006cded08 method=java.util.ComparableTimSort.reverseRange([Ljava/lang/Object;II)V @ 20
Event: 6941.497 Thread 0x000000001cc6f800 Uncommon trap: reason=unstable_if action=reinterpret pc=0x0000000005f4d568 method=org.gradle.internal.logging.sink.OutputEventRenderer.onOutput(Lorg/gradle/internal/logging/events/OutputEvent;)V @ 24
Event: 6943.728 Thread 0x000000001cc78000 Uncommon trap: reason=null_check action=make_not_entrant pc=0x0000000006985d14 method=com.android.ide.common.res2.NodeUtils.processSingleNodeNamespace(Lorg/w3c/dom/Node;Lorg/w3c/dom/Document;)Z @ 8

Classes redefined (0 events):
No events

Internal exceptions (10 events):
Event: 3933.868 Thread 0x0000000019910800 Implicit null exception at 0x00000000038f41ba to 0x00000000038f4ec5
Event: 3933.868 Thread 0x0000000019910800 Implicit null exception at 0x0000000003919dbc to 0x0000000003919ecd
Event: 3933.868 Thread 0x0000000019910800 Implicit null exception at 0x00000000047e645c to 0x00000000047e69ed
Event: 3933.872 Thread 0x0000000019910800 Implicit null exception at 0x000000000322a5c0 to 0x000000000322aa2d
Event: 3933.875 Thread 0x0000000019910800 Implicit null exception at 0x0000000003bedfc3 to 0x0000000003bee539
Event: 3933.875 Thread 0x0000000019910800 Implicit null exception at 0x000000000623b6fc to 0x000000000623bca1
Event: 3933.931 Thread 0x0000000019910800 Exception <a 'sun/nio/fs/WindowsException'> (0x00000000e2b5d470) thrown at [D:\src\AOSP-openjdk-cygwin\jdk8u\hotspot\src\share\vm\prims\jni.cpp, line 709]
Event: 6941.788 Thread 0x000000001cc6e000 Exception <a 'java/lang/ClassNotFoundException': sync_local_repo1791_37wu8ggf7p5qb7e0egmeda2l7BeanInfo> (0x00000000e4f9b650) thrown at [D:\src\AOSP-openjdk-cygwin\jdk8u\hotspot\src\share\vm\classfile\systemDictionary.cpp, line 210]
Event: 6941.790 Thread 0x000000001cc6e000 Exception <a 'java/lang/ClassNotFoundException': sync_local_repo1791_37wu8ggf7p5qb7e0egmeda2l7Customizer> (0x00000000e4fa5ee0) thrown at [D:\src\AOSP-openjdk-cygwin\jdk8u\hotspot\src\share\vm\classfile\systemDictionary.cpp, line 210]
Event: 6943.728 Thread 0x000000001cc78000 Implicit null exception at 0x0000000006984a5b to 0x0000000006985d05

Events (10 events):
Event: 6943.657 Thread 0x000000001cf13000 Thread exited: 0x000000001cf13000
Event: 6943.657 Thread 0x000000001cf07800 Thread exited: 0x000000001cf07800
Event: 6943.669 Thread 0x000000001cf0f800 Thread exited: 0x000000001cf0f800
Event: 6943.669 Thread 0x000000001cf0f000 Thread exited: 0x000000001cf0f000
Event: 6943.683 Thread 0x000000001cf0a800 Thread exited: 0x000000001cf0a800
Event: 6943.683 Thread 0x000000001cf0c000 Thread exited: 0x000000001cf0c000
Event: 6943.688 Thread 0x000000001cf0a800 Thread added: 0x000000001cf0a800
Event: 6943.728 Thread 0x000000001cc78000 Uncommon trap: trap_request=0xfffffff4 fr.pc=0x0000000006985d14
Event: 6943.728 Thread 0x000000001cc78000 DEOPT PACKING pc=0x0000000006985d14 sp=0x000000002202cf40
Event: 6943.728 Thread 0x000000001cc78000 DEOPT UNPACKING pc=0x0000000002a6556a sp=0x000000002202cf10 mode 2


Dynamic libraries:
0x00007ff75e0d0000 - 0x00007ff75e101000 	E:\android setup\jre\bin\java.exe
0x00007fff7df20000 - 0x00007fff7e0e2000 	C:\Windows\SYSTEM32\ntdll.dll
0x00007fff7b5f0000 - 0x00007fff7b69d000 	C:\Windows\system32\KERNEL32.DLL
0x00007fff7b080000 - 0x00007fff7b25d000 	C:\Windows\system32\KERNELBASE.dll
0x00007fff7bfc0000 - 0x00007fff7c066000 	C:\Windows\system32\ADVAPI32.dll
0x00007fff7d9c0000 - 0x00007fff7da5d000 	C:\Windows\system32\msvcrt.dll
0x00007fff7da60000 - 0x00007fff7dabb000 	C:\Windows\system32\sechost.dll
0x00007fff7b800000 - 0x00007fff7b926000 	C:\Windows\system32\RPCRT4.dll
0x00007fff7b6a0000 - 0x00007fff7b7ee000 	C:\Windows\system32\USER32.dll
0x00007fff7dd90000 - 0x00007fff7df15000 	C:\Windows\system32\GDI32.dll
0x00007fff6da80000 - 0x00007fff6dcf4000 	C:\Windows\WinSxS\amd64_microsoft.windows.common-controls_6595b64144ccf1df_6.0.10240.16384_none_f41f7b285750ef43\COMCTL32.dll
0x00007fff7bf80000 - 0x00007fff7bfb6000 	C:\Windows\system32\IMM32.DLL
0x00007fff7c0f0000 - 0x00007fff7c24c000 	C:\Windows\system32\MSCTF.dll
0x000000006e630000 - 0x000000006e702000 	E:\android setup\jre\jre\bin\msvcr100.dll
0x000000006e7f0000 - 0x000000006f02e000 	E:\android setup\jre\jre\bin\server\jvm.dll
0x00007fff7c070000 - 0x00007fff7c078000 	C:\Windows\system32\PSAPI.DLL
0x00007fff78e40000 - 0x00007fff78e49000 	C:\Windows\SYSTEM32\WSOCK32.dll
0x00007fff72910000 - 0x00007fff72933000 	C:\Windows\SYSTEM32\WINMM.dll
0x00007fff77d10000 - 0x00007fff77d1a000 	C:\Windows\SYSTEM32\VERSION.dll
0x00007fff7c080000 - 0x00007fff7c0e9000 	C:\Windows\system32\WS2_32.dll
0x00007fff7b7f0000 - 0x00007fff7b7f8000 	C:\Windows\system32\NSI.dll
0x00007fff723a0000 - 0x00007fff723cc000 	C:\Windows\SYSTEM32\WINMMBASE.dll
0x00007fff7b4e0000 - 0x00007fff7b524000 	C:\Windows\system32\cfgmgr32.dll
0x00007fff79220000 - 0x00007fff79247000 	C:\Windows\SYSTEM32\DEVOBJ.dll
0x00007fff784d0000 - 0x00007fff784df000 	E:\android setup\jre\jre\bin\verify.dll
0x00007fff6a1e0000 - 0x00007fff6a209000 	E:\android setup\jre\jre\bin\java.dll
0x00007fff68d60000 - 0x00007fff68d76000 	E:\android setup\jre\jre\bin\zip.dll
0x00007fff7c490000 - 0x00007fff7d9b5000 	C:\Windows\system32\SHELL32.dll
0x00007fff7aa50000 - 0x00007fff7b078000 	C:\Windows\system32\windows.storage.dll
0x00007fff7bbb0000 - 0x00007fff7be2c000 	C:\Windows\system32\combase.dll
0x00007fff7dd30000 - 0x00007fff7dd81000 	C:\Windows\system32\shlwapi.dll
0x00007fff7a9e0000 - 0x00007fff7a9ef000 	C:\Windows\system32\kernel.appcore.dll
0x00007fff7b530000 - 0x00007fff7b5e3000 	C:\Windows\system32\shcore.dll
0x00007fff7a950000 - 0x00007fff7a99a000 	C:\Windows\system32\powrprof.dll
0x00007fff7a9c0000 - 0x00007fff7a9d3000 	C:\Windows\system32\profapi.dll
0x00007fff76a40000 - 0x00007fff76a5a000 	E:\android setup\jre\jre\bin\net.dll
0x00007fff7a1c0000 - 0x00007fff7a21d000 	C:\Windows\system32\mswsock.dll
0x00007fff76670000 - 0x00007fff76681000 	E:\android setup\jre\jre\bin\nio.dll
0x00007fff78db0000 - 0x00007fff78dce000 	C:\Users\sikandar\.gradle\native\25\windows-amd64\native-platform.dll
0x00007fff79090000 - 0x00007fff7909d000 	E:\android setup\jre\jre\bin\management.dll
0x00007fff7a220000 - 0x00007fff7a237000 	C:\Windows\SYSTEM32\CRYPTSP.dll
0x00007fff7a880000 - 0x00007fff7a8a8000 	C:\Windows\SYSTEM32\bcrypt.dll
0x00007fff79e70000 - 0x00007fff79ea3000 	C:\Windows\system32\rsaenh.dll
0x00007fff79fa0000 - 0x00007fff79fbf000 	C:\Windows\SYSTEM32\USERENV.dll
0x00007fff7a770000 - 0x00007fff7a7db000 	C:\Windows\system32\bcryptprimitives.dll
0x00007fff7a370000 - 0x00007fff7a37b000 	C:\Windows\SYSTEM32\CRYPTBASE.dll
0x00007fff78eb0000 - 0x00007fff78ee8000 	C:\Windows\SYSTEM32\IPHLPAPI.DLL
0x00007fff78ea0000 - 0x00007fff78eab000 	C:\Windows\SYSTEM32\WINNSI.DLL
0x00007fff77ca0000 - 0x00007fff77cb6000 	C:\Windows\SYSTEM32\dhcpcsvc6.DLL
0x00007fff77c80000 - 0x00007fff77c9a000 	C:\Windows\SYSTEM32\dhcpcsvc.DLL
0x00007fff65b00000 - 0x00007fff65b24000 	E:\android setup\jre\jre\bin\sunec.dll
0x00007fff79fc0000 - 0x00007fff7a068000 	C:\Windows\SYSTEM32\DNSAPI.dll
0x00007fff73d40000 - 0x00007fff73d4a000 	C:\Windows\System32\rasadhlp.dll
0x00007fff74250000 - 0x00007fff742b8000 	C:\Windows\System32\fwpuclnt.dll
0x00007fff6d990000 - 0x00007fff6d99b000 	E:\android setup\jre\jre\bin\sunmscapi.dll
0x00007fff7b260000 - 0x00007fff7b421000 	C:\Windows\system32\CRYPT32.dll
0x00007fff7a9a0000 - 0x00007fff7a9b1000 	C:\Windows\system32\MSASN1.dll

VM Arguments:
jvm_args: -Xmx1536m -Dfile.encoding=windows-1252 -Duser.country=US -Duser.language=en -Duser.variant 
java_command: org.gradle.launcher.daemon.bootstrap.GradleDaemon 4.1
java_class_path (initial): C:\Users\sikandar\.gradle\wrapper\dists\gradle-4.1-all\bzyivzo6n839fup2jbap0tjew\gradle-4.1\lib\gradle-launcher-4.1.jar
Launcher Type: SUN_STANDARD

Environment Variables:
PATH=C:\Windows\system32;C:\Windows;C:\Windows\System32\Wbem;C:\Windows\System32\WindowsPowerShell\v1.0\;C:\Program Files\Andy;C:\Windows\SysWOW64;C:\Windows\System32;C:\Windows\SysWOW64\wbem;C:\Windows\System32\wbem;C:\Windows\SysWOW64\WindowsPowerShell\v1.0\;C:\Windows\System32\WindowsPowerShell\v1.0\;C:\Windows\
USERNAME=sikandar
OS=Windows_NT
PROCESSOR_IDENTIFIER=Intel64 Family 6 Model 61 Stepping 4, GenuineIntel



---------------  S Y S T E M  ---------------

OS: Windows 10.0 , 64 bit Build 10240 (10.0.10240.16384)

CPU:total 4 (initial active 4) (2 cores per cpu, 2 threads per core) family 6 model 61 stepping 4, cmov, cx8, fxsr, mmx, sse, sse2, sse3, ssse3, sse4.1, sse4.2, popcnt, avx, avx2, aes, clmul, erms, 3dnowpref, lzcnt, ht, tsc, tscinvbit, bmi1, bmi2, adx

Memory: 4k page, physical 4107804k(734568k free), swap 4809020k(19548k free)

vm_info: OpenJDK 64-Bit Server VM (25.152-b01) for windows-amd64 JRE (1.8.0_152-release-915-b01), built by "builder" with MS VC++ 10.0 (VS2010)

time: Wed Mar 07 14:21:37 2018
elapsed time: 6944 seconds (0d 1h 55m 44s)

